0 info it worked if it ends with ok
1 verbose cli [ 'node', '/usr/local/bin/npm', 'publish' ]
2 info using npm@2.7.5
3 info using node@v0.12.2
4 verbose publish [ '.' ]
5 silly cache add args [ '.', null ]
6 verbose cache add spec .
7 silly cache add parsed spec { raw: '.',
7 silly cache add   scope: null,
7 silly cache add   name: null,
7 silly cache add   rawSpec: '.',
7 silly cache add   spec: '/Users/unbug/WebSpace/Mozat/generator-webappstarter',
7 silly cache add   type: 'directory' }
8 verbose addLocalDirectory /Users/unbug/.npm/generator-webappstarter/0.0.1/package.tgz not in flight; packing
9 verbose tar pack [ '/Users/unbug/.npm/generator-webappstarter/0.0.1/package.tgz',
9 verbose tar pack   '/Users/unbug/WebSpace/Mozat/generator-webappstarter' ]
10 verbose tarball /Users/unbug/.npm/generator-webappstarter/0.0.1/package.tgz
11 verbose folder /Users/unbug/WebSpace/Mozat/generator-webappstarter
12 info prepublish generator-webappstarter@0.0.1
13 verbose addLocalTarball adding from inside cache /Users/unbug/.npm/generator-webappstarter/0.0.1/package.tgz
14 silly cache afterAdd generator-webappstarter@0.0.1
15 verbose afterAdd /Users/unbug/.npm/generator-webappstarter/0.0.1/package/package.json not in flight; writing
16 verbose afterAdd /Users/unbug/.npm/generator-webappstarter/0.0.1/package/package.json written
17 silly publish { name: 'generator-webappstarter',
17 silly publish   version: '0.0.1',
17 silly publish   description: 'Quick start a web app for mobile',
17 silly publish   license: 'MIT',
17 silly publish   main: 'app/index.js',
17 silly publish   repository:
17 silly publish    { type: 'git',
17 silly publish      url: 'https://github.com/unbug/generator-webappstarter' },
17 silly publish   author:
17 silly publish    { name: 'unbug',
17 silly publish      email: 'tidelgl@gmail.com',
17 silly publish      url: 'https://github.com/unbug' },
17 silly publish   scripts: { test: 'mocha' },
17 silly publish   files: [ 'app' ],
17 silly publish   keywords: [ 'yeoman-generator', 'mobile web app', 'MVC' ],
17 silly publish   dependencies:
17 silly publish    { 'yeoman-generator': '^0.19.0',
17 silly publish      chalk: '^1.0.0',
17 silly publish      yosay: '^1.0.2' },
17 silly publish   devDependencies: { mocha: '*' },
17 silly publish   readme: 'Readme\n=================\nwebappstarter generator will give you a Simple Mobile Web App Boilerplate and Structure!\n\nPrereqs and installation requirements\n=====================================\n1.install [node](https://nodejs.org/) and [Python](https://www.python.org/).\n\n2.install [yeoman](http://yeoman.io/).\n```shell\nnpm install -g yo\n```\n3.Clone this git repo to your local,and from the root of the repo,run\n```shell\nnpm link\n```\nto developing the generator locally.\n\nGenerator commands\n==================\n1.generate a new project,run\n\n```shell\nmkdir myProject\ncd myProject\nyo webappstarter\n```\n2.generate a new module,run\n\n```shell\n//add "html/site/include/modulename.html" and inlude it to "html/site/include/views.html"\n//add "scss/_debug-modulename.scss" and inport it to "scss/_debug-view.scss"\n//add "src/app/view/ModuleNameView.js"\n//add "src/app/controller/ModuleNameController.js"\n//add "src/app/resources/TemplateModuleName.js\n\nyo webappstarter:module ModuleName\n```\nMore configurations,please take a look at "project" property of "package.json" file after the generator is done.\n\nProject commands\n=================\nrun\n```shell\nnpm install -g gulp\n```\nbefore you get started.\n\n1.build project,watch change and start browserSync,run\n\n```shell\ngulp\n```\n2.deploy to test server,run\n\n```shell\n//This command require [openssl](https://www.openssl.org/).\n//For windows,you might needd to add openssl path to classpath.\n\ngulp deploytest\n```\nview the page on test server [http://m.deja.me/PROJECTNAME/](http://m.deja.me/PROJECTNAME/).\n\n\n3.deploy to offical server,run\n\n```shell\n//This command require [rsync](https://rsync.samba.org/).\n//For windows,unzip  /tools/rsync.zip to a local path and add the path to classpath.\n\ngulp deploy\n```\nview the page on offical server [http://office.mozat.com:8081/m/PROJECTNAME/](http://office.mozat.com:8081/m/PROJECTNAME/).\n\n\n4.run \n```shell\ngulp copy\n``` \nto copy source images to project\'s `resources/images/` path,then generate `scss/_dubug-sprites.csss` and `resources/images/sprites.png` for sourceSprites in `package.json`.\n\n5.run \n```shell\ngulp jshint\n```\n to start jshint.\n\n6.run \n```shell\ngulp serve\n``` \nto start browserSync,Change browserSync options in `package.json`.\n\n7.run \n```shell\ngulp pagespeed\n``` \nto start pagespeed,Change pagespeed options in `package.json`.\n\nGit\n==========\nRandom git commit message\n\n```shell\n git commit -m"`curl -s http://whatthecommit.com/index.txt`"\n\n ```\n',
17 silly publish   readmeFilename: 'README.md',
17 silly publish   gitHead: 'e9525dc23ff20521f024583e8f2ef9a1a3d384ed',
17 silly publish   bugs: { url: 'https://github.com/unbug/generator-webappstarter/issues' },
17 silly publish   homepage: 'https://github.com/unbug/generator-webappstarter',
17 silly publish   _id: 'generator-webappstarter@0.0.1',
17 silly publish   _shasum: 'f89719d3a94c2de330e92452f7b00ddf3feaafea',
17 silly publish   _from: '.' }
18 silly mapToRegistry name generator-webappstarter
19 silly mapToRegistry using default registry
20 silly mapToRegistry registry https://registry.npmjs.org/
21 silly mapToRegistry uri https://registry.npmjs.org/generator-webappstarter
22 verbose publish registryBase https://registry.npmjs.org/
23 silly publish uploading /Users/unbug/.npm/generator-webappstarter/0.0.1/package.tgz
24 verbose stack Error: auth required for publishing
24 verbose stack     at CachingRegistryClient.publish (/usr/local/lib/node_modules/npm/node_modules/npm-registry-client/lib/publish.js:30:14)
24 verbose stack     at /usr/local/lib/node_modules/npm/lib/publish.js:144:14
24 verbose stack     at mapToRegistry (/usr/local/lib/node_modules/npm/lib/utils/map-to-registry.js:55:3)
24 verbose stack     at publish_ (/usr/local/lib/node_modules/npm/lib/publish.js:114:3)
24 verbose stack     at Array.<anonymous> (/usr/local/lib/node_modules/npm/node_modules/slide/lib/bind-actor.js:15:8)
24 verbose stack     at LOOP (/usr/local/lib/node_modules/npm/node_modules/slide/lib/chain.js:15:14)
24 verbose stack     at LOOP (/usr/local/lib/node_modules/npm/node_modules/slide/lib/chain.js:14:28)
24 verbose stack     at chain (/usr/local/lib/node_modules/npm/node_modules/slide/lib/chain.js:20:5)
24 verbose stack     at /usr/local/lib/node_modules/npm/lib/publish.js:74:5
24 verbose stack     at RES (/usr/local/lib/node_modules/npm/node_modules/inflight/inflight.js:23:14)
25 verbose cwd /Users/unbug/WebSpace/Mozat/generator-webappstarter
26 error Darwin 14.1.0
27 error argv "node" "/usr/local/bin/npm" "publish"
28 error node v0.12.2
29 error npm  v2.7.5
30 error code ENEEDAUTH
31 error need auth auth required for publishing
31 error need auth You need to authorize this machine using `npm adduser`
32 verbose exit [ 1, true ]
